<?xml version="1.0" encoding="UTF-8"?>
<testsuite xmlns:xsi="http://www.w3.org/2001/XMLSchema-instance" xsi:noNamespaceSchemaLocation="https://maven.apache.org/surefire/maven-surefire-plugin/xsd/surefire-test-report.xsd" name="com.soecode.lyf.BaseTest" time="0.079" tests="1" errors="1" skipped="0" failures="0">
  <properties>
    <property name="sun.desktop" value="windows"/>
    <property name="awt.toolkit" value="sun.awt.windows.WToolkit"/>
    <property name="file.encoding.pkg" value="sun.io"/>
    <property name="java.specification.version" value="1.8"/>
    <property name="sun.cpu.isalist" value="amd64"/>
    <property name="sun.jnu.encoding" value="GBK"/>
    <property name="java.class.path" value="E:\Github Repos\springMVCDemo\target\test-classes;E:\Github Repos\springMVCDemo\target\classes;D:\Program Files\Maven\Repository\junit\junit\4.11\junit-4.11.jar;D:\Program Files\Maven\Repository\org\hamcrest\hamcrest-core\1.3\hamcrest-core-1.3.jar;D:\Program Files\Maven\Repository\ch\qos\logback\logback-classic\1.1.1\logback-classic-1.1.1.jar;D:\Program Files\Maven\Repository\ch\qos\logback\logback-core\1.1.1\logback-core-1.1.1.jar;D:\Program Files\Maven\Repository\org\slf4j\slf4j-api\1.7.6\slf4j-api-1.7.6.jar;D:\Program Files\Maven\Repository\mysql\mysql-connector-java\5.1.37\mysql-connector-java-5.1.37.jar;D:\Program Files\Maven\Repository\c3p0\c3p0\0.9.1.2\c3p0-0.9.1.2.jar;D:\Program Files\Maven\Repository\org\mybatis\mybatis\3.3.0\mybatis-3.3.0.jar;D:\Program Files\Maven\Repository\org\mybatis\mybatis-spring\1.2.3\mybatis-spring-1.2.3.jar;D:\Program Files\Maven\Repository\taglibs\standard\1.1.2\standard-1.1.2.jar;D:\Program Files\Maven\Repository\jstl\jstl\1.2\jstl-1.2.jar;D:\Program Files\Maven\Repository\com\fasterxml\jackson\core\jackson-databind\2.5.4\jackson-databind-2.5.4.jar;D:\Program Files\Maven\Repository\com\fasterxml\jackson\core\jackson-annotations\2.5.0\jackson-annotations-2.5.0.jar;D:\Program Files\Maven\Repository\com\fasterxml\jackson\core\jackson-core\2.5.4\jackson-core-2.5.4.jar;D:\Program Files\Maven\Repository\javax\servlet\javax.servlet-api\3.1.0\javax.servlet-api-3.1.0.jar;D:\Program Files\Maven\Repository\org\springframework\spring-core\4.1.7.RELEASE\spring-core-4.1.7.RELEASE.jar;D:\Program Files\Maven\Repository\commons-logging\commons-logging\1.2\commons-logging-1.2.jar;D:\Program Files\Maven\Repository\org\springframework\spring-beans\4.1.7.RELEASE\spring-beans-4.1.7.RELEASE.jar;D:\Program Files\Maven\Repository\org\springframework\spring-context\4.1.7.RELEASE\spring-context-4.1.7.RELEASE.jar;D:\Program Files\Maven\Repository\org\springframework\spring-aop\4.1.7.RELEASE\spring-aop-4.1.7.RELEASE.jar;D:\Program Files\Maven\Repository\aopalliance\aopalliance\1.0\aopalliance-1.0.jar;D:\Program Files\Maven\Repository\org\springframework\spring-expression\4.1.7.RELEASE\spring-expression-4.1.7.RELEASE.jar;D:\Program Files\Maven\Repository\org\springframework\spring-jdbc\4.1.7.RELEASE\spring-jdbc-4.1.7.RELEASE.jar;D:\Program Files\Maven\Repository\org\springframework\spring-tx\4.1.7.RELEASE\spring-tx-4.1.7.RELEASE.jar;D:\Program Files\Maven\Repository\org\springframework\spring-web\4.1.7.RELEASE\spring-web-4.1.7.RELEASE.jar;D:\Program Files\Maven\Repository\org\springframework\spring-webmvc\4.1.7.RELEASE\spring-webmvc-4.1.7.RELEASE.jar;D:\Program Files\Maven\Repository\org\springframework\spring-test\4.1.7.RELEASE\spring-test-4.1.7.RELEASE.jar;D:\Program Files\Maven\Repository\redis\clients\jedis\2.7.3\jedis-2.7.3.jar;D:\Program Files\Maven\Repository\org\apache\commons\commons-pool2\2.3\commons-pool2-2.3.jar;D:\Program Files\Maven\Repository\com\dyuproject\protostuff\protostuff-core\1.0.8\protostuff-core-1.0.8.jar;D:\Program Files\Maven\Repository\com\dyuproject\protostuff\protostuff-api\1.0.8\protostuff-api-1.0.8.jar;D:\Program Files\Maven\Repository\com\dyuproject\protostuff\protostuff-runtime\1.0.8\protostuff-runtime-1.0.8.jar;D:\Program Files\Maven\Repository\com\dyuproject\protostuff\protostuff-collectionschema\1.0.8\protostuff-collectionschema-1.0.8.jar;D:\Program Files\Maven\Repository\commons-collections\commons-collections\3.2\commons-collections-3.2.jar;"/>
    <property name="java.vm.vendor" value="Oracle Corporation"/>
    <property name="sun.arch.data.model" value="64"/>
    <property name="user.variant" value=""/>
    <property name="java.vendor.url" value="http://java.oracle.com/"/>
    <property name="user.timezone" value="Asia/Shanghai"/>
    <property name="java.vm.specification.version" value="1.8"/>
    <property name="os.name" value="Windows 10"/>
    <property name="user.country" value="CN"/>
    <property name="sun.java.launcher" value="SUN_STANDARD"/>
    <property name="sun.boot.library.path" value="D:\Program Files\Java\jdk1.8.0_251\jre\bin"/>
    <property name="sun.java.command" value="C:\Users\wangnn01\AppData\Local\Temp\surefire7704343194704698995\surefirebooter1196440600192760829.jar C:\Users\wangnn01\AppData\Local\Temp\surefire7704343194704698995 2021-01-19T14-34-49_089-jvmRun1 surefire6461306502631806495tmp surefire_06522658411997858026tmp"/>
    <property name="surefire.test.class.path" value="E:\Github Repos\springMVCDemo\target\test-classes;E:\Github Repos\springMVCDemo\target\classes;D:\Program Files\Maven\Repository\junit\junit\4.11\junit-4.11.jar;D:\Program Files\Maven\Repository\org\hamcrest\hamcrest-core\1.3\hamcrest-core-1.3.jar;D:\Program Files\Maven\Repository\ch\qos\logback\logback-classic\1.1.1\logback-classic-1.1.1.jar;D:\Program Files\Maven\Repository\ch\qos\logback\logback-core\1.1.1\logback-core-1.1.1.jar;D:\Program Files\Maven\Repository\org\slf4j\slf4j-api\1.7.6\slf4j-api-1.7.6.jar;D:\Program Files\Maven\Repository\mysql\mysql-connector-java\5.1.37\mysql-connector-java-5.1.37.jar;D:\Program Files\Maven\Repository\c3p0\c3p0\0.9.1.2\c3p0-0.9.1.2.jar;D:\Program Files\Maven\Repository\org\mybatis\mybatis\3.3.0\mybatis-3.3.0.jar;D:\Program Files\Maven\Repository\org\mybatis\mybatis-spring\1.2.3\mybatis-spring-1.2.3.jar;D:\Program Files\Maven\Repository\taglibs\standard\1.1.2\standard-1.1.2.jar;D:\Program Files\Maven\Repository\jstl\jstl\1.2\jstl-1.2.jar;D:\Program Files\Maven\Repository\com\fasterxml\jackson\core\jackson-databind\2.5.4\jackson-databind-2.5.4.jar;D:\Program Files\Maven\Repository\com\fasterxml\jackson\core\jackson-annotations\2.5.0\jackson-annotations-2.5.0.jar;D:\Program Files\Maven\Repository\com\fasterxml\jackson\core\jackson-core\2.5.4\jackson-core-2.5.4.jar;D:\Program Files\Maven\Repository\javax\servlet\javax.servlet-api\3.1.0\javax.servlet-api-3.1.0.jar;D:\Program Files\Maven\Repository\org\springframework\spring-core\4.1.7.RELEASE\spring-core-4.1.7.RELEASE.jar;D:\Program Files\Maven\Repository\commons-logging\commons-logging\1.2\commons-logging-1.2.jar;D:\Program Files\Maven\Repository\org\springframework\spring-beans\4.1.7.RELEASE\spring-beans-4.1.7.RELEASE.jar;D:\Program Files\Maven\Repository\org\springframework\spring-context\4.1.7.RELEASE\spring-context-4.1.7.RELEASE.jar;D:\Program Files\Maven\Repository\org\springframework\spring-aop\4.1.7.RELEASE\spring-aop-4.1.7.RELEASE.jar;D:\Program Files\Maven\Repository\aopalliance\aopalliance\1.0\aopalliance-1.0.jar;D:\Program Files\Maven\Repository\org\springframework\spring-expression\4.1.7.RELEASE\spring-expression-4.1.7.RELEASE.jar;D:\Program Files\Maven\Repository\org\springframework\spring-jdbc\4.1.7.RELEASE\spring-jdbc-4.1.7.RELEASE.jar;D:\Program Files\Maven\Repository\org\springframework\spring-tx\4.1.7.RELEASE\spring-tx-4.1.7.RELEASE.jar;D:\Program Files\Maven\Repository\org\springframework\spring-web\4.1.7.RELEASE\spring-web-4.1.7.RELEASE.jar;D:\Program Files\Maven\Repository\org\springframework\spring-webmvc\4.1.7.RELEASE\spring-webmvc-4.1.7.RELEASE.jar;D:\Program Files\Maven\Repository\org\springframework\spring-test\4.1.7.RELEASE\spring-test-4.1.7.RELEASE.jar;D:\Program Files\Maven\Repository\redis\clients\jedis\2.7.3\jedis-2.7.3.jar;D:\Program Files\Maven\Repository\org\apache\commons\commons-pool2\2.3\commons-pool2-2.3.jar;D:\Program Files\Maven\Repository\com\dyuproject\protostuff\protostuff-core\1.0.8\protostuff-core-1.0.8.jar;D:\Program Files\Maven\Repository\com\dyuproject\protostuff\protostuff-api\1.0.8\protostuff-api-1.0.8.jar;D:\Program Files\Maven\Repository\com\dyuproject\protostuff\protostuff-runtime\1.0.8\protostuff-runtime-1.0.8.jar;D:\Program Files\Maven\Repository\com\dyuproject\protostuff\protostuff-collectionschema\1.0.8\protostuff-collectionschema-1.0.8.jar;D:\Program Files\Maven\Repository\commons-collections\commons-collections\3.2\commons-collections-3.2.jar;"/>
    <property name="sun.cpu.endian" value="little"/>
    <property name="user.home" value="C:\Users\wangnn01"/>
    <property name="user.language" value="zh"/>
    <property name="java.specification.vendor" value="Oracle Corporation"/>
    <property name="java.home" value="D:\Program Files\Java\jdk1.8.0_251\jre"/>
    <property name="basedir" value="E:\Github Repos\springMVCDemo"/>
    <property name="file.separator" value="\"/>
    <property name="line.separator" value="&#10;"/>
    <property name="idea.version2019.2.3" value="true"/>
    <property name="java.vm.specification.vendor" value="Oracle Corporation"/>
    <property name="java.specification.name" value="Java Platform API Specification"/>
    <property name="java.awt.graphicsenv" value="sun.awt.Win32GraphicsEnvironment"/>
    <property name="surefire.real.class.path" value="C:\Users\wangnn01\AppData\Local\Temp\surefire7704343194704698995\surefirebooter1196440600192760829.jar"/>
    <property name="sun.boot.class.path" value="D:\Program Files\Java\jdk1.8.0_251\jre\lib\resources.jar;D:\Program Files\Java\jdk1.8.0_251\jre\lib\rt.jar;D:\Program Files\Java\jdk1.8.0_251\jre\lib\sunrsasign.jar;D:\Program Files\Java\jdk1.8.0_251\jre\lib\jsse.jar;D:\Program Files\Java\jdk1.8.0_251\jre\lib\jce.jar;D:\Program Files\Java\jdk1.8.0_251\jre\lib\charsets.jar;D:\Program Files\Java\jdk1.8.0_251\jre\lib\jfr.jar;D:\Program Files\Java\jdk1.8.0_251\jre\classes"/>
    <property name="user.script" value=""/>
    <property name="sun.management.compiler" value="HotSpot 64-Bit Tiered Compilers"/>
    <property name="java.runtime.version" value="1.8.0_251-b08"/>
    <property name="user.name" value="wangnn01"/>
    <property name="path.separator" value=";"/>
    <property name="os.version" value="10.0"/>
    <property name="java.endorsed.dirs" value="D:\Program Files\Java\jdk1.8.0_251\jre\lib\endorsed"/>
    <property name="java.runtime.name" value="Java(TM) SE Runtime Environment"/>
    <property name="file.encoding" value="GBK"/>
    <property name="java.vm.name" value="Java HotSpot(TM) 64-Bit Server VM"/>
    <property name="localRepository" value="D:\Program Files\Maven\Repository"/>
    <property name="java.vendor.url.bug" value="http://bugreport.sun.com/bugreport/"/>
    <property name="java.io.tmpdir" value="C:\Users\wangnn01\AppData\Local\Temp\"/>
    <property name="java.version" value="1.8.0_251"/>
    <property name="user.dir" value="E:\Github Repos\springMVCDemo"/>
    <property name="os.arch" value="amd64"/>
    <property name="java.vm.specification.name" value="Java Virtual Machine Specification"/>
    <property name="java.awt.printerjob" value="sun.awt.windows.WPrinterJob"/>
    <property name="sun.os.patch.level" value=""/>
    <property name="java.library.path" value="D:\Program Files\Java\jdk1.8.0_251\jre\bin;C:\WINDOWS\Sun\Java\bin;C:\WINDOWS\system32;C:\WINDOWS;C:\Program Files (x86)\Common Files\Oracle\Java\javapath;D:\Program Files (x86)\NetSarang\Xftp 6\;D:\Program Files (x86)\NetSarang\Xshell 6\;D:\DevelopTools\depot_tools;C:\WINDOWS\system32;C:\WINDOWS;C:\WINDOWS\System32\Wbem;C:\WINDOWS\System32\WindowsPowerShell\v1.0\;C:\WINDOWS\System32\OpenSSH\;C:\Program Files (x86)\Intel\Intel(R) Management Engine Components\DAL;C:\Program Files\Intel\Intel(R) Management Engine Components\DAL;C:\Program Files\dotnet\;C:\Program Files\Microsoft SQL Server\130\Tools\Binn\;D:\DevelopTools\Git\cmd;D:\DevelopTools\Git\bin;D:\DevelopTools\Git;C:\Program Files (x86)\Windows Kits\10\Windows Performance Toolkit\;C:\Python27;C:\Python27\Scripts;E:\Chromium\src\out\Default;D:\Program Files\nodejs\;D:\Program Files\nodejs\node_global;D:\Program Files (x86)\Yarn\bin\;C:\Users\wangnn01\AppData\Local\Yarn\Data\global\node_modules\electron;D:\Program Files\Microsoft VS Code\bin;D:\Program Files\MinGw64\bin;D:\Program Files\SQLite;D:\Program Files\mysql-8.0.19-winx64\bin;D:\Program Files\TortoiseSVN\bin;D:\Program Files\CMake\bin;E:\maven-3.6.3\apache-maven-3.6.3\bin;D:\Program Files\Java\jdk1.8.0_251\bin;D:\Program Files\Java\jdk1.8.0_251\jre\bin;D:\Program Files\TortoiseGit\bin;C:\Users\wangnn01\AppData\Local\Microsoft\WindowsApps;D:\Program Files\Bandizip\;D:\Program Files\Microsoft VS Code\bin;C:\Users\wangnn01\AppData\Roaming\npm;C:\Program Files\MySQL\MySQL Server 8.0\bin;C:\Users\wangnn01\AppData\Local\Pandoc\;C:\Users\wangnn01\AppData\Local\Yarn\bin;."/>
    <property name="java.vm.info" value="mixed mode"/>
    <property name="java.vendor" value="Oracle Corporation"/>
    <property name="java.vm.version" value="25.251-b08"/>
    <property name="java.ext.dirs" value="D:\Program Files\Java\jdk1.8.0_251\jre\lib\ext;C:\WINDOWS\Sun\Java\lib\ext"/>
    <property name="sun.io.unicode.encoding" value="UnicodeLittle"/>
    <property name="maven.repo.local" value="D:\Program Files\Maven\Repository"/>
    <property name="java.class.version" value="52.0"/>
  </properties>
  <testcase name="initializationError" classname="com.soecode.lyf.BaseTest" time="0.007">
    <error message="No runnable methods" type="java.lang.Exception">java.lang.Exception: No runnable methods
</error>
  </testcase>
</testsuite>