<?xml version="1.0" encoding="UTF-8"?>
<testsuite xmlns:xsi="http://www.w3.org/2001/XMLSchema-instance" xsi:noNamespaceSchemaLocation="https://maven.apache.org/surefire/maven-surefire-plugin/xsd/surefire-test-report.xsd" name="com.soecode.lyf.dao.AppointmentDaoTest" time="3.876" tests="2" errors="2" skipped="0" failures="0">
  <properties>
    <property name="sun.desktop" value="windows"/>
    <property name="awt.toolkit" value="sun.awt.windows.WToolkit"/>
    <property name="file.encoding.pkg" value="sun.io"/>
    <property name="java.specification.version" value="1.8"/>
    <property name="sun.cpu.isalist" value="amd64"/>
    <property name="sun.jnu.encoding" value="GBK"/>
    <property name="java.class.path" value="E:\Github Repos\springMVCDemo\target\test-classes;E:\Github Repos\springMVCDemo\target\classes;D:\Program Files\Maven\Repository\junit\junit\4.11\junit-4.11.jar;D:\Program Files\Maven\Repository\org\hamcrest\hamcrest-core\1.3\hamcrest-core-1.3.jar;D:\Program Files\Maven\Repository\ch\qos\logback\logback-classic\1.1.1\logback-classic-1.1.1.jar;D:\Program Files\Maven\Repository\ch\qos\logback\logback-core\1.1.1\logback-core-1.1.1.jar;D:\Program Files\Maven\Repository\org\slf4j\slf4j-api\1.7.6\slf4j-api-1.7.6.jar;D:\Program Files\Maven\Repository\mysql\mysql-connector-java\5.1.37\mysql-connector-java-5.1.37.jar;D:\Program Files\Maven\Repository\c3p0\c3p0\0.9.1.2\c3p0-0.9.1.2.jar;D:\Program Files\Maven\Repository\org\mybatis\mybatis\3.3.0\mybatis-3.3.0.jar;D:\Program Files\Maven\Repository\org\mybatis\mybatis-spring\1.2.3\mybatis-spring-1.2.3.jar;D:\Program Files\Maven\Repository\taglibs\standard\1.1.2\standard-1.1.2.jar;D:\Program Files\Maven\Repository\jstl\jstl\1.2\jstl-1.2.jar;D:\Program Files\Maven\Repository\com\fasterxml\jackson\core\jackson-databind\2.5.4\jackson-databind-2.5.4.jar;D:\Program Files\Maven\Repository\com\fasterxml\jackson\core\jackson-annotations\2.5.0\jackson-annotations-2.5.0.jar;D:\Program Files\Maven\Repository\com\fasterxml\jackson\core\jackson-core\2.5.4\jackson-core-2.5.4.jar;D:\Program Files\Maven\Repository\javax\servlet\javax.servlet-api\3.1.0\javax.servlet-api-3.1.0.jar;D:\Program Files\Maven\Repository\org\springframework\spring-core\4.1.7.RELEASE\spring-core-4.1.7.RELEASE.jar;D:\Program Files\Maven\Repository\commons-logging\commons-logging\1.2\commons-logging-1.2.jar;D:\Program Files\Maven\Repository\org\springframework\spring-beans\4.1.7.RELEASE\spring-beans-4.1.7.RELEASE.jar;D:\Program Files\Maven\Repository\org\springframework\spring-context\4.1.7.RELEASE\spring-context-4.1.7.RELEASE.jar;D:\Program Files\Maven\Repository\org\springframework\spring-aop\4.1.7.RELEASE\spring-aop-4.1.7.RELEASE.jar;D:\Program Files\Maven\Repository\aopalliance\aopalliance\1.0\aopalliance-1.0.jar;D:\Program Files\Maven\Repository\org\springframework\spring-expression\4.1.7.RELEASE\spring-expression-4.1.7.RELEASE.jar;D:\Program Files\Maven\Repository\org\springframework\spring-jdbc\4.1.7.RELEASE\spring-jdbc-4.1.7.RELEASE.jar;D:\Program Files\Maven\Repository\org\springframework\spring-tx\4.1.7.RELEASE\spring-tx-4.1.7.RELEASE.jar;D:\Program Files\Maven\Repository\org\springframework\spring-web\4.1.7.RELEASE\spring-web-4.1.7.RELEASE.jar;D:\Program Files\Maven\Repository\org\springframework\spring-webmvc\4.1.7.RELEASE\spring-webmvc-4.1.7.RELEASE.jar;D:\Program Files\Maven\Repository\org\springframework\spring-test\4.1.7.RELEASE\spring-test-4.1.7.RELEASE.jar;D:\Program Files\Maven\Repository\redis\clients\jedis\2.7.3\jedis-2.7.3.jar;D:\Program Files\Maven\Repository\org\apache\commons\commons-pool2\2.3\commons-pool2-2.3.jar;D:\Program Files\Maven\Repository\com\dyuproject\protostuff\protostuff-core\1.0.8\protostuff-core-1.0.8.jar;D:\Program Files\Maven\Repository\com\dyuproject\protostuff\protostuff-api\1.0.8\protostuff-api-1.0.8.jar;D:\Program Files\Maven\Repository\com\dyuproject\protostuff\protostuff-runtime\1.0.8\protostuff-runtime-1.0.8.jar;D:\Program Files\Maven\Repository\com\dyuproject\protostuff\protostuff-collectionschema\1.0.8\protostuff-collectionschema-1.0.8.jar;D:\Program Files\Maven\Repository\commons-collections\commons-collections\3.2\commons-collections-3.2.jar;"/>
    <property name="java.vm.vendor" value="Oracle Corporation"/>
    <property name="sun.arch.data.model" value="64"/>
    <property name="user.variant" value=""/>
    <property name="java.vendor.url" value="http://java.oracle.com/"/>
    <property name="user.timezone" value="Asia/Shanghai"/>
    <property name="java.vm.specification.version" value="1.8"/>
    <property name="os.name" value="Windows 10"/>
    <property name="user.country" value="CN"/>
    <property name="sun.java.launcher" value="SUN_STANDARD"/>
    <property name="sun.boot.library.path" value="D:\Program Files\Java\jdk1.8.0_251\jre\bin"/>
    <property name="sun.java.command" value="C:\Users\wangnn01\AppData\Local\Temp\surefire7704343194704698995\surefirebooter1196440600192760829.jar C:\Users\wangnn01\AppData\Local\Temp\surefire7704343194704698995 2021-01-19T14-34-49_089-jvmRun1 surefire6461306502631806495tmp surefire_06522658411997858026tmp"/>
    <property name="surefire.test.class.path" value="E:\Github Repos\springMVCDemo\target\test-classes;E:\Github Repos\springMVCDemo\target\classes;D:\Program Files\Maven\Repository\junit\junit\4.11\junit-4.11.jar;D:\Program Files\Maven\Repository\org\hamcrest\hamcrest-core\1.3\hamcrest-core-1.3.jar;D:\Program Files\Maven\Repository\ch\qos\logback\logback-classic\1.1.1\logback-classic-1.1.1.jar;D:\Program Files\Maven\Repository\ch\qos\logback\logback-core\1.1.1\logback-core-1.1.1.jar;D:\Program Files\Maven\Repository\org\slf4j\slf4j-api\1.7.6\slf4j-api-1.7.6.jar;D:\Program Files\Maven\Repository\mysql\mysql-connector-java\5.1.37\mysql-connector-java-5.1.37.jar;D:\Program Files\Maven\Repository\c3p0\c3p0\0.9.1.2\c3p0-0.9.1.2.jar;D:\Program Files\Maven\Repository\org\mybatis\mybatis\3.3.0\mybatis-3.3.0.jar;D:\Program Files\Maven\Repository\org\mybatis\mybatis-spring\1.2.3\mybatis-spring-1.2.3.jar;D:\Program Files\Maven\Repository\taglibs\standard\1.1.2\standard-1.1.2.jar;D:\Program Files\Maven\Repository\jstl\jstl\1.2\jstl-1.2.jar;D:\Program Files\Maven\Repository\com\fasterxml\jackson\core\jackson-databind\2.5.4\jackson-databind-2.5.4.jar;D:\Program Files\Maven\Repository\com\fasterxml\jackson\core\jackson-annotations\2.5.0\jackson-annotations-2.5.0.jar;D:\Program Files\Maven\Repository\com\fasterxml\jackson\core\jackson-core\2.5.4\jackson-core-2.5.4.jar;D:\Program Files\Maven\Repository\javax\servlet\javax.servlet-api\3.1.0\javax.servlet-api-3.1.0.jar;D:\Program Files\Maven\Repository\org\springframework\spring-core\4.1.7.RELEASE\spring-core-4.1.7.RELEASE.jar;D:\Program Files\Maven\Repository\commons-logging\commons-logging\1.2\commons-logging-1.2.jar;D:\Program Files\Maven\Repository\org\springframework\spring-beans\4.1.7.RELEASE\spring-beans-4.1.7.RELEASE.jar;D:\Program Files\Maven\Repository\org\springframework\spring-context\4.1.7.RELEASE\spring-context-4.1.7.RELEASE.jar;D:\Program Files\Maven\Repository\org\springframework\spring-aop\4.1.7.RELEASE\spring-aop-4.1.7.RELEASE.jar;D:\Program Files\Maven\Repository\aopalliance\aopalliance\1.0\aopalliance-1.0.jar;D:\Program Files\Maven\Repository\org\springframework\spring-expression\4.1.7.RELEASE\spring-expression-4.1.7.RELEASE.jar;D:\Program Files\Maven\Repository\org\springframework\spring-jdbc\4.1.7.RELEASE\spring-jdbc-4.1.7.RELEASE.jar;D:\Program Files\Maven\Repository\org\springframework\spring-tx\4.1.7.RELEASE\spring-tx-4.1.7.RELEASE.jar;D:\Program Files\Maven\Repository\org\springframework\spring-web\4.1.7.RELEASE\spring-web-4.1.7.RELEASE.jar;D:\Program Files\Maven\Repository\org\springframework\spring-webmvc\4.1.7.RELEASE\spring-webmvc-4.1.7.RELEASE.jar;D:\Program Files\Maven\Repository\org\springframework\spring-test\4.1.7.RELEASE\spring-test-4.1.7.RELEASE.jar;D:\Program Files\Maven\Repository\redis\clients\jedis\2.7.3\jedis-2.7.3.jar;D:\Program Files\Maven\Repository\org\apache\commons\commons-pool2\2.3\commons-pool2-2.3.jar;D:\Program Files\Maven\Repository\com\dyuproject\protostuff\protostuff-core\1.0.8\protostuff-core-1.0.8.jar;D:\Program Files\Maven\Repository\com\dyuproject\protostuff\protostuff-api\1.0.8\protostuff-api-1.0.8.jar;D:\Program Files\Maven\Repository\com\dyuproject\protostuff\protostuff-runtime\1.0.8\protostuff-runtime-1.0.8.jar;D:\Program Files\Maven\Repository\com\dyuproject\protostuff\protostuff-collectionschema\1.0.8\protostuff-collectionschema-1.0.8.jar;D:\Program Files\Maven\Repository\commons-collections\commons-collections\3.2\commons-collections-3.2.jar;"/>
    <property name="sun.cpu.endian" value="little"/>
    <property name="user.home" value="C:\Users\wangnn01"/>
    <property name="user.language" value="zh"/>
    <property name="java.specification.vendor" value="Oracle Corporation"/>
    <property name="java.home" value="D:\Program Files\Java\jdk1.8.0_251\jre"/>
    <property name="basedir" value="E:\Github Repos\springMVCDemo"/>
    <property name="file.separator" value="\"/>
    <property name="line.separator" value="&#10;"/>
    <property name="idea.version2019.2.3" value="true"/>
    <property name="java.vm.specification.vendor" value="Oracle Corporation"/>
    <property name="java.specification.name" value="Java Platform API Specification"/>
    <property name="java.awt.graphicsenv" value="sun.awt.Win32GraphicsEnvironment"/>
    <property name="surefire.real.class.path" value="C:\Users\wangnn01\AppData\Local\Temp\surefire7704343194704698995\surefirebooter1196440600192760829.jar"/>
    <property name="sun.boot.class.path" value="D:\Program Files\Java\jdk1.8.0_251\jre\lib\resources.jar;D:\Program Files\Java\jdk1.8.0_251\jre\lib\rt.jar;D:\Program Files\Java\jdk1.8.0_251\jre\lib\sunrsasign.jar;D:\Program Files\Java\jdk1.8.0_251\jre\lib\jsse.jar;D:\Program Files\Java\jdk1.8.0_251\jre\lib\jce.jar;D:\Program Files\Java\jdk1.8.0_251\jre\lib\charsets.jar;D:\Program Files\Java\jdk1.8.0_251\jre\lib\jfr.jar;D:\Program Files\Java\jdk1.8.0_251\jre\classes"/>
    <property name="user.script" value=""/>
    <property name="sun.management.compiler" value="HotSpot 64-Bit Tiered Compilers"/>
    <property name="java.runtime.version" value="1.8.0_251-b08"/>
    <property name="user.name" value="wangnn01"/>
    <property name="path.separator" value=";"/>
    <property name="os.version" value="10.0"/>
    <property name="java.endorsed.dirs" value="D:\Program Files\Java\jdk1.8.0_251\jre\lib\endorsed"/>
    <property name="java.runtime.name" value="Java(TM) SE Runtime Environment"/>
    <property name="file.encoding" value="GBK"/>
    <property name="java.vm.name" value="Java HotSpot(TM) 64-Bit Server VM"/>
    <property name="localRepository" value="D:\Program Files\Maven\Repository"/>
    <property name="java.vendor.url.bug" value="http://bugreport.sun.com/bugreport/"/>
    <property name="java.io.tmpdir" value="C:\Users\wangnn01\AppData\Local\Temp\"/>
    <property name="java.version" value="1.8.0_251"/>
    <property name="user.dir" value="E:\Github Repos\springMVCDemo"/>
    <property name="os.arch" value="amd64"/>
    <property name="java.vm.specification.name" value="Java Virtual Machine Specification"/>
    <property name="java.awt.printerjob" value="sun.awt.windows.WPrinterJob"/>
    <property name="sun.os.patch.level" value=""/>
    <property name="java.library.path" value="D:\Program Files\Java\jdk1.8.0_251\jre\bin;C:\WINDOWS\Sun\Java\bin;C:\WINDOWS\system32;C:\WINDOWS;C:\Program Files (x86)\Common Files\Oracle\Java\javapath;D:\Program Files (x86)\NetSarang\Xftp 6\;D:\Program Files (x86)\NetSarang\Xshell 6\;D:\DevelopTools\depot_tools;C:\WINDOWS\system32;C:\WINDOWS;C:\WINDOWS\System32\Wbem;C:\WINDOWS\System32\WindowsPowerShell\v1.0\;C:\WINDOWS\System32\OpenSSH\;C:\Program Files (x86)\Intel\Intel(R) Management Engine Components\DAL;C:\Program Files\Intel\Intel(R) Management Engine Components\DAL;C:\Program Files\dotnet\;C:\Program Files\Microsoft SQL Server\130\Tools\Binn\;D:\DevelopTools\Git\cmd;D:\DevelopTools\Git\bin;D:\DevelopTools\Git;C:\Program Files (x86)\Windows Kits\10\Windows Performance Toolkit\;C:\Python27;C:\Python27\Scripts;E:\Chromium\src\out\Default;D:\Program Files\nodejs\;D:\Program Files\nodejs\node_global;D:\Program Files (x86)\Yarn\bin\;C:\Users\wangnn01\AppData\Local\Yarn\Data\global\node_modules\electron;D:\Program Files\Microsoft VS Code\bin;D:\Program Files\MinGw64\bin;D:\Program Files\SQLite;D:\Program Files\mysql-8.0.19-winx64\bin;D:\Program Files\TortoiseSVN\bin;D:\Program Files\CMake\bin;E:\maven-3.6.3\apache-maven-3.6.3\bin;D:\Program Files\Java\jdk1.8.0_251\bin;D:\Program Files\Java\jdk1.8.0_251\jre\bin;D:\Program Files\TortoiseGit\bin;C:\Users\wangnn01\AppData\Local\Microsoft\WindowsApps;D:\Program Files\Bandizip\;D:\Program Files\Microsoft VS Code\bin;C:\Users\wangnn01\AppData\Roaming\npm;C:\Program Files\MySQL\MySQL Server 8.0\bin;C:\Users\wangnn01\AppData\Local\Pandoc\;C:\Users\wangnn01\AppData\Local\Yarn\bin;."/>
    <property name="java.vm.info" value="mixed mode"/>
    <property name="java.vendor" value="Oracle Corporation"/>
    <property name="java.vm.version" value="25.251-b08"/>
    <property name="java.ext.dirs" value="D:\Program Files\Java\jdk1.8.0_251\jre\lib\ext;C:\WINDOWS\Sun\Java\lib\ext"/>
    <property name="sun.io.unicode.encoding" value="UnicodeLittle"/>
    <property name="maven.repo.local" value="D:\Program Files\Maven\Repository"/>
    <property name="java.class.version" value="52.0"/>
  </properties>
  <testcase name="testInsertAppointment" classname="com.soecode.lyf.dao.AppointmentDaoTest" time="1.113">
    <error message="nested exception is org.apache.ibatis.exceptions.PersistenceException: &#10;### Error updating database.  Cause: org.springframework.jdbc.CannotGetJdbcConnectionException: Could not get JDBC Connection; nested exception is java.sql.SQLException: Connections could not be acquired from the underlying database!&#10;### Cause: org.springframework.jdbc.CannotGetJdbcConnectionException: Could not get JDBC Connection; nested exception is java.sql.SQLException: Connections could not be acquired from the underlying database!" type="org.mybatis.spring.MyBatisSystemException">org.mybatis.spring.MyBatisSystemException: 
nested exception is org.apache.ibatis.exceptions.PersistenceException: 
### Error updating database.  Cause: org.springframework.jdbc.CannotGetJdbcConnectionException: Could not get JDBC Connection; nested exception is java.sql.SQLException: Connections could not be acquired from the underlying database!
### Cause: org.springframework.jdbc.CannotGetJdbcConnectionException: Could not get JDBC Connection; nested exception is java.sql.SQLException: Connections could not be acquired from the underlying database!
	at com.soecode.lyf.dao.AppointmentDaoTest.testInsertAppointment(AppointmentDaoTest.java:16)
Caused by: org.apache.ibatis.exceptions.PersistenceException: 

### Error updating database.  Cause: org.springframework.jdbc.CannotGetJdbcConnectionException: Could not get JDBC Connection; nested exception is java.sql.SQLException: Connections could not be acquired from the underlying database!
### Cause: org.springframework.jdbc.CannotGetJdbcConnectionException: Could not get JDBC Connection; nested exception is java.sql.SQLException: Connections could not be acquired from the underlying database!
	at com.soecode.lyf.dao.AppointmentDaoTest.testInsertAppointment(AppointmentDaoTest.java:16)
Caused by: org.springframework.jdbc.CannotGetJdbcConnectionException: Could not get JDBC Connection; nested exception is java.sql.SQLException: Connections could not be acquired from the underlying database!
	at com.soecode.lyf.dao.AppointmentDaoTest.testInsertAppointment(AppointmentDaoTest.java:16)
Caused by: java.sql.SQLException: Connections could not be acquired from the underlying database!
	at com.soecode.lyf.dao.AppointmentDaoTest.testInsertAppointment(AppointmentDaoTest.java:16)
Caused by: com.mchange.v2.resourcepool.CannotAcquireResourceException: A ResourcePool could not acquire a resource from its primary factory or source.
	at com.soecode.lyf.dao.AppointmentDaoTest.testInsertAppointment(AppointmentDaoTest.java:16)
</error>
    <system-out><![CDATA[14:34:51,330 |-INFO in ch.qos.logback.classic.LoggerContext[default] - Could NOT find resource [logback.groovy]
14:34:51,330 |-INFO in ch.qos.logback.classic.LoggerContext[default] - Could NOT find resource [logback-test.xml]
14:34:51,331 |-INFO in ch.qos.logback.classic.LoggerContext[default] - Found resource [logback.xml] at [file:/E:/Github%20Repos/springMVCDemo/target/classes/logback.xml]
14:34:51,370 |-INFO in ch.qos.logback.core.joran.action.AppenderAction - About to instantiate appender of type [ch.qos.logback.core.ConsoleAppender]
14:34:51,373 |-INFO in ch.qos.logback.core.joran.action.AppenderAction - Naming appender as [STDOUT]
14:34:51,397 |-INFO in ch.qos.logback.core.joran.action.NestedComplexPropertyIA - Assuming default type [ch.qos.logback.classic.encoder.PatternLayoutEncoder] for [encoder] property
14:34:51,426 |-INFO in ch.qos.logback.classic.joran.action.RootLoggerAction - Setting level of ROOT logger to DEBUG
14:34:51,426 |-INFO in ch.qos.logback.core.joran.action.AppenderRefAction - Attaching appender named [STDOUT] to Logger[ROOT]
14:34:51,427 |-INFO in ch.qos.logback.classic.joran.action.ConfigurationAction - End of configuration.
14:34:51,428 |-INFO in ch.qos.logback.classic.joran.JoranConfigurator@2e6a8155 - Registering current configuration as safe fallback point
14:34:51.436 [main] DEBUG org.apache.ibatis.logging.LogFactory - Logging initialized using 'class org.apache.ibatis.logging.slf4j.Slf4jImpl' adapter.
14:34:51.497 [main] DEBUG org.apache.ibatis.io.ResolverUtil - Class not found: org.jboss.vfs.VFS
14:34:51.497 [main] DEBUG org.apache.ibatis.io.ResolverUtil - JBoss 6 VFS API is not available in this environment.
14:34:51.497 [main] DEBUG org.apache.ibatis.io.ResolverUtil - Class not found: org.jboss.vfs.VirtualFile
14:34:51.497 [main] DEBUG org.apache.ibatis.io.ResolverUtil - VFS implementation org.apache.ibatis.io.JBoss6VFS is not valid in this environment.
14:34:51.498 [main] DEBUG org.apache.ibatis.io.ResolverUtil - Using VFS adapter org.apache.ibatis.io.DefaultVFS
14:34:51.498 [main] DEBUG org.apache.ibatis.io.ResolverUtil - Find JAR URL: file:/E:/Github%20Repos/springMVCDemo/target/classes/com/soecode/lyf/entity
14:34:51.499 [main] DEBUG org.apache.ibatis.io.ResolverUtil - Not a JAR: file:/E:/Github%20Repos/springMVCDemo/target/classes/com/soecode/lyf/entity
14:34:51.536 [main] DEBUG org.apache.ibatis.io.ResolverUtil - Reader entry: Appointment.class
14:34:51.536 [main] DEBUG org.apache.ibatis.io.ResolverUtil - Reader entry: Book.class
14:34:51.536 [main] DEBUG org.apache.ibatis.io.ResolverUtil - Listing file:/E:/Github%20Repos/springMVCDemo/target/classes/com/soecode/lyf/entity
14:34:51.537 [main] DEBUG org.apache.ibatis.io.ResolverUtil - Find JAR URL: file:/E:/Github%20Repos/springMVCDemo/target/classes/com/soecode/lyf/entity/Appointment.class
14:34:51.537 [main] DEBUG org.apache.ibatis.io.ResolverUtil - Not a JAR: file:/E:/Github%20Repos/springMVCDemo/target/classes/com/soecode/lyf/entity/Appointment.class
14:34:51.537 [main] DEBUG org.apache.ibatis.io.ResolverUtil - Reader entry: 漱壕&amp#0;&amp#0;&amp#0;3&amp#0;&amp#27;
14:34:51.538 [main] DEBUG org.apache.ibatis.io.ResolverUtil - Find JAR URL: file:/E:/Github%20Repos/springMVCDemo/target/classes/com/soecode/lyf/entity/Book.class
14:34:51.538 [main] DEBUG org.apache.ibatis.io.ResolverUtil - Not a JAR: file:/E:/Github%20Repos/springMVCDemo/target/classes/com/soecode/lyf/entity/Book.class
14:34:51.539 [main] DEBUG org.apache.ibatis.io.ResolverUtil - Reader entry: 漱壕&amp#0;&amp#0;&amp#0;3&amp#0;&amp#22;
14:34:51.540 [main] DEBUG org.apache.ibatis.io.ResolverUtil - Checking to see if class com.soecode.lyf.entity.Appointment matches criteria [is assignable to Object]
14:34:51.541 [main] DEBUG org.apache.ibatis.io.ResolverUtil - Checking to see if class com.soecode.lyf.entity.Book matches criteria [is assignable to Object]
14:34:51.542 [main] DEBUG o.m.spring.SqlSessionFactoryBean - Scanned package: 'com.soecode.lyf.entity' for aliases
14:34:51.568 [main] DEBUG o.m.spring.SqlSessionFactoryBean - Parsed configuration file: 'class path resource [mybatis-config.xml]'
14:34:51.611 [main] DEBUG o.m.spring.SqlSessionFactoryBean - Parsed mapper file: 'file [E:\Github Repos\springMVCDemo\target\classes\mapper\AppointmentDao.xml]'
14:34:51.623 [main] DEBUG o.m.spring.SqlSessionFactoryBean - Parsed mapper file: 'file [E:\Github Repos\springMVCDemo\target\classes\mapper\BookDao.xml]'
14:34:51.680 [main] DEBUG org.mybatis.spring.SqlSessionUtils - Creating a new SqlSession
14:34:51.685 [main] DEBUG org.mybatis.spring.SqlSessionUtils - SqlSession [org.apache.ibatis.session.defaults.DefaultSqlSession@27e47833] was not registered for synchronization because synchronization is not active
14:34:52.743 [main] DEBUG org.mybatis.spring.SqlSessionUtils - Closing non transactional SqlSession [org.apache.ibatis.session.defaults.DefaultSqlSession@27e47833]
]]></system-out>
    <system-err><![CDATA[一月 19, 2021 2:34:49 下午 org.springframework.test.context.support.DefaultTestContextBootstrapper getDefaultTestExecutionListenerClassNames
信息: Loaded default TestExecutionListener class names from location [META-INF/spring.factories]: [org.springframework.test.context.web.ServletTestExecutionListener, org.springframework.test.context.support.DependencyInjectionTestExecutionListener, org.springframework.test.context.support.DirtiesContextTestExecutionListener, org.springframework.test.context.transaction.TransactionalTestExecutionListener, org.springframework.test.context.jdbc.SqlScriptsTestExecutionListener]
一月 19, 2021 2:34:49 下午 org.springframework.test.context.support.DefaultTestContextBootstrapper getTestExecutionListeners
信息: Using TestExecutionListeners: [org.springframework.test.context.web.ServletTestExecutionListener@7c16905e, org.springframework.test.context.support.DependencyInjectionTestExecutionListener@2a2d45ba, org.springframework.test.context.support.DirtiesContextTestExecutionListener@2a5ca609, org.springframework.test.context.transaction.TransactionalTestExecutionListener@20e2cbe0, org.springframework.test.context.jdbc.SqlScriptsTestExecutionListener@68be2bc2]
一月 19, 2021 2:34:50 下午 org.springframework.beans.factory.xml.XmlBeanDefinitionReader loadBeanDefinitions
信息: Loading XML bean definitions from class path resource [spring/spring-dao.xml]
一月 19, 2021 2:34:50 下午 org.springframework.beans.factory.xml.XmlBeanDefinitionReader loadBeanDefinitions
信息: Loading XML bean definitions from class path resource [spring/spring-service.xml]
一月 19, 2021 2:34:50 下午 org.springframework.context.support.GenericApplicationContext prepareRefresh
信息: Refreshing org.springframework.context.support.GenericApplicationContext@4dfa3a9d: startup date [Tue Jan 19 14:34:50 CST 2021]; root of context hierarchy
一月 19, 2021 2:34:50 下午 org.springframework.context.support.PropertySourcesPlaceholderConfigurer loadProperties
信息: Loading properties file from class path resource [jdbc.properties]
一月 19, 2021 2:34:50 下午 com.mchange.v2.log.MLog <clinit>
信息: MLog clients using java 1.4+ standard logging.
一月 19, 2021 2:34:51 下午 com.mchange.v2.c3p0.C3P0Registry banner
信息: Initializing c3p0-0.9.1.2 [built 21-May-2007 15:04:56; debug? true; trace: 10]
一月 19, 2021 2:34:51 下午 com.mchange.v2.c3p0.DriverManagerDataSource ensureDriverLoaded
警告: Could not load driverClass ccom.mysql.cj.jdbc.Driver
java.lang.ClassNotFoundException: ccom.mysql.cj.jdbc.Driver
	at java.net.URLClassLoader.findClass(URLClassLoader.java:382)
	at java.lang.ClassLoader.loadClass(ClassLoader.java:418)
	at sun.misc.Launcher$AppClassLoader.loadClass(Launcher.java:355)
	at java.lang.ClassLoader.loadClass(ClassLoader.java:351)
	at java.lang.Class.forName0(Native Method)
	at java.lang.Class.forName(Class.java:264)
	at com.mchange.v2.c3p0.DriverManagerDataSource.ensureDriverLoaded(DriverManagerDataSource.java:100)
	at com.mchange.v2.c3p0.DriverManagerDataSource.getConnection(DriverManagerDataSource.java:132)
	at com.mchange.v2.c3p0.WrapperConnectionPoolDataSource.getPooledConnection(WrapperConnectionPoolDataSource.java:182)
	at com.mchange.v2.c3p0.WrapperConnectionPoolDataSource.getPooledConnection(WrapperConnectionPoolDataSource.java:171)
	at com.mchange.v2.c3p0.impl.C3P0PooledConnectionPool$1PooledConnectionResourcePoolManager.acquireResource(C3P0PooledConnectionPool.java:137)
	at com.mchange.v2.resourcepool.BasicResourcePool.doAcquire(BasicResourcePool.java:1014)
	at com.mchange.v2.resourcepool.BasicResourcePool.access$800(BasicResourcePool.java:32)
	at com.mchange.v2.resourcepool.BasicResourcePool$AcquireTask.run(BasicResourcePool.java:1810)
	at com.mchange.v2.async.ThreadPoolAsynchronousRunner$PoolThread.run(ThreadPoolAsynchronousRunner.java:547)

一月 19, 2021 2:34:51 下午 com.mchange.v2.c3p0.DriverManagerDataSource ensureDriverLoaded
警告: Could not load driverClass ccom.mysql.cj.jdbc.Driver
java.lang.ClassNotFoundException: ccom.mysql.cj.jdbc.Driver
	at java.net.URLClassLoader.findClass(URLClassLoader.java:382)
	at java.lang.ClassLoader.loadClass(ClassLoader.java:418)
	at sun.misc.Launcher$AppClassLoader.loadClass(Launcher.java:355)
	at java.lang.ClassLoader.loadClass(ClassLoader.java:351)
	at java.lang.Class.forName0(Native Method)
	at java.lang.Class.forName(Class.java:264)
	at com.mchange.v2.c3p0.DriverManagerDataSource.ensureDriverLoaded(DriverManagerDataSource.java:100)
	at com.mchange.v2.c3p0.DriverManagerDataSource.getConnection(DriverManagerDataSource.java:132)
	at com.mchange.v2.c3p0.WrapperConnectionPoolDataSource.getPooledConnection(WrapperConnectionPoolDataSource.java:182)
	at com.mchange.v2.c3p0.WrapperConnectionPoolDataSource.getPooledConnection(WrapperConnectionPoolDataSource.java:171)
	at com.mchange.v2.c3p0.impl.C3P0PooledConnectionPool$1PooledConnectionResourcePoolManager.acquireResource(C3P0PooledConnectionPool.java:137)
	at com.mchange.v2.resourcepool.BasicResourcePool.doAcquire(BasicResourcePool.java:1014)
	at com.mchange.v2.resourcepool.BasicResourcePool.access$800(BasicResourcePool.java:32)
	at com.mchange.v2.resourcepool.BasicResourcePool$AcquireTask.run(BasicResourcePool.java:1810)
	at com.mchange.v2.async.ThreadPoolAsynchronousRunner$PoolThread.run(ThreadPoolAsynchronousRunner.java:547)

一月 19, 2021 2:34:51 下午 com.mchange.v2.c3p0.DriverManagerDataSource ensureDriverLoaded
警告: Could not load driverClass ccom.mysql.cj.jdbc.Driver
java.lang.ClassNotFoundException: ccom.mysql.cj.jdbc.Driver
	at java.net.URLClassLoader.findClass(URLClassLoader.java:382)
	at java.lang.ClassLoader.loadClass(ClassLoader.java:418)
	at sun.misc.Launcher$AppClassLoader.loadClass(Launcher.java:355)
	at java.lang.ClassLoader.loadClass(ClassLoader.java:351)
	at java.lang.Class.forName0(Native Method)
	at java.lang.Class.forName(Class.java:264)
	at com.mchange.v2.c3p0.DriverManagerDataSource.ensureDriverLoaded(DriverManagerDataSource.java:100)
	at com.mchange.v2.c3p0.DriverManagerDataSource.getConnection(DriverManagerDataSource.java:132)
	at com.mchange.v2.c3p0.WrapperConnectionPoolDataSource.getPooledConnection(WrapperConnectionPoolDataSource.java:182)
	at com.mchange.v2.c3p0.WrapperConnectionPoolDataSource.getPooledConnection(WrapperConnectionPoolDataSource.java:171)
	at com.mchange.v2.c3p0.impl.C3P0PooledConnectionPool$1PooledConnectionResourcePoolManager.acquireResource(C3P0PooledConnectionPool.java:137)
	at com.mchange.v2.resourcepool.BasicResourcePool.doAcquire(BasicResourcePool.java:1014)
	at com.mchange.v2.resourcepool.BasicResourcePool.access$800(BasicResourcePool.java:32)
	at com.mchange.v2.resourcepool.BasicResourcePool$AcquireTask.run(BasicResourcePool.java:1810)
	at com.mchange.v2.async.ThreadPoolAsynchronousRunner$PoolThread.run(ThreadPoolAsynchronousRunner.java:547)

一月 19, 2021 2:34:51 下午 com.mchange.v2.c3p0.impl.AbstractPoolBackedDataSource getPoolManager
信息: Initializing c3p0 pool... com.mchange.v2.c3p0.ComboPooledDataSource [ acquireIncrement -> 3, acquireRetryAttempts -> 2, acquireRetryDelay -> 1000, autoCommitOnClose -> false, automaticTestTable -> null, breakAfterAcquireFailure -> false, checkoutTimeout -> 10000, connectionCustomizerClassName -> null, connectionTesterClassName -> com.mchange.v2.c3p0.impl.DefaultConnectionTester, dataSourceName -> 1hgeby9af718tnd11l1wod|3023df74, debugUnreturnedConnectionStackTraces -> false, description -> null, driverClass -> ccom.mysql.cj.jdbc.Driver, factoryClassLocation -> null, forceIgnoreUnresolvedTransactions -> false, identityToken -> 1hgeby9af718tnd11l1wod|3023df74, idleConnectionTestPeriod -> 0, initialPoolSize -> 3, jdbcUrl -> dbc:mysql://10.110.8.113:3306/indata?serverTimezone=Asia/Shanghai&autoReconnect=true&useUnicode=true&characterEncoding=utf-8&allowMultiQueries=true&useOldAliasMetadataBehavior=true&useSSL=false, maxAdministrativeTaskTime -> 0, maxConnectionAge -> 0, maxIdleTime -> 0, maxIdleTimeExcessConnections -> 0, maxPoolSize -> 30, maxStatements -> 0, maxStatementsPerConnection -> 0, minPoolSize -> 10, numHelperThreads -> 3, numThreadsAwaitingCheckoutDefaultUser -> 0, preferredTestQuery -> null, properties -> {user=******, password=******}, propertyCycle -> 0, testConnectionOnCheckin -> false, testConnectionOnCheckout -> false, unreturnedConnectionTimeout -> 0, usesTraditionalReflectiveProxies -> false ]
一月 19, 2021 2:34:52 下午 com.mchange.v2.c3p0.DriverManagerDataSource ensureDriverLoaded
警告: Could not load driverClass ccom.mysql.cj.jdbc.Driver
java.lang.ClassNotFoundException: ccom.mysql.cj.jdbc.Driver
	at java.net.URLClassLoader.findClass(URLClassLoader.java:382)
	at java.lang.ClassLoader.loadClass(ClassLoader.java:418)
	at sun.misc.Launcher$AppClassLoader.loadClass(Launcher.java:355)
	at java.lang.ClassLoader.loadClass(ClassLoader.java:351)
	at java.lang.Class.forName0(Native Method)
	at java.lang.Class.forName(Class.java:264)
	at com.mchange.v2.c3p0.DriverManagerDataSource.ensureDriverLoaded(DriverManagerDataSource.java:100)
	at com.mchange.v2.c3p0.DriverManagerDataSource.getConnection(DriverManagerDataSource.java:132)
	at com.mchange.v2.c3p0.WrapperConnectionPoolDataSource.getPooledConnection(WrapperConnectionPoolDataSource.java:182)
	at com.mchange.v2.c3p0.WrapperConnectionPoolDataSource.getPooledConnection(WrapperConnectionPoolDataSource.java:171)
	at com.mchange.v2.c3p0.impl.C3P0PooledConnectionPool$1PooledConnectionResourcePoolManager.acquireResource(C3P0PooledConnectionPool.java:137)
	at com.mchange.v2.resourcepool.BasicResourcePool.doAcquire(BasicResourcePool.java:1014)
	at com.mchange.v2.resourcepool.BasicResourcePool.access$800(BasicResourcePool.java:32)
	at com.mchange.v2.resourcepool.BasicResourcePool$AcquireTask.run(BasicResourcePool.java:1810)
	at com.mchange.v2.async.ThreadPoolAsynchronousRunner$PoolThread.run(ThreadPoolAsynchronousRunner.java:547)

一月 19, 2021 2:34:52 下午 com.mchange.v2.c3p0.DriverManagerDataSource ensureDriverLoaded
警告: Could not load driverClass ccom.mysql.cj.jdbc.Driver
java.lang.ClassNotFoundException: ccom.mysql.cj.jdbc.Driver
	at java.net.URLClassLoader.findClass(URLClassLoader.java:382)
	at java.lang.ClassLoader.loadClass(ClassLoader.java:418)
	at sun.misc.Launcher$AppClassLoader.loadClass(Launcher.java:355)
	at java.lang.ClassLoader.loadClass(ClassLoader.java:351)
	at java.lang.Class.forName0(Native Method)
	at java.lang.Class.forName(Class.java:264)
	at com.mchange.v2.c3p0.DriverManagerDataSource.ensureDriverLoaded(DriverManagerDataSource.java:100)
	at com.mchange.v2.c3p0.DriverManagerDataSource.getConnection(DriverManagerDataSource.java:132)
	at com.mchange.v2.c3p0.WrapperConnectionPoolDataSource.getPooledConnection(WrapperConnectionPoolDataSource.java:182)
	at com.mchange.v2.c3p0.WrapperConnectionPoolDataSource.getPooledConnection(WrapperConnectionPoolDataSource.java:171)
	at com.mchange.v2.c3p0.impl.C3P0PooledConnectionPool$1PooledConnectionResourcePoolManager.acquireResource(C3P0PooledConnectionPool.java:137)
	at com.mchange.v2.resourcepool.BasicResourcePool.doAcquire(BasicResourcePool.java:1014)
	at com.mchange.v2.resourcepool.BasicResourcePool.access$800(BasicResourcePool.java:32)
	at com.mchange.v2.resourcepool.BasicResourcePool$AcquireTask.run(BasicResourcePool.java:1810)
	at com.mchange.v2.async.ThreadPoolAsynchronousRunner$PoolThread.run(ThreadPoolAsynchronousRunner.java:547)

一月 19, 2021 2:34:52 下午 com.mchange.v2.c3p0.DriverManagerDataSource ensureDriverLoaded
警告: Could not load driverClass ccom.mysql.cj.jdbc.Driver
java.lang.ClassNotFoundException: ccom.mysql.cj.jdbc.Driver
	at java.net.URLClassLoader.findClass(URLClassLoader.java:382)
	at java.lang.ClassLoader.loadClass(ClassLoader.java:418)
	at sun.misc.Launcher$AppClassLoader.loadClass(Launcher.java:355)
	at java.lang.ClassLoader.loadClass(ClassLoader.java:351)
	at java.lang.Class.forName0(Native Method)
	at java.lang.Class.forName(Class.java:264)
	at com.mchange.v2.c3p0.DriverManagerDataSource.ensureDriverLoaded(DriverManagerDataSource.java:100)
	at com.mchange.v2.c3p0.DriverManagerDataSource.getConnection(DriverManagerDataSource.java:132)
	at com.mchange.v2.c3p0.WrapperConnectionPoolDataSource.getPooledConnection(WrapperConnectionPoolDataSource.java:182)
	at com.mchange.v2.c3p0.WrapperConnectionPoolDataSource.getPooledConnection(WrapperConnectionPoolDataSource.java:171)
	at com.mchange.v2.c3p0.impl.C3P0PooledConnectionPool$1PooledConnectionResourcePoolManager.acquireResource(C3P0PooledConnectionPool.java:137)
	at com.mchange.v2.resourcepool.BasicResourcePool.doAcquire(BasicResourcePool.java:1014)
	at com.mchange.v2.resourcepool.BasicResourcePool.access$800(BasicResourcePool.java:32)
	at com.mchange.v2.resourcepool.BasicResourcePool$AcquireTask.run(BasicResourcePool.java:1810)
	at com.mchange.v2.async.ThreadPoolAsynchronousRunner$PoolThread.run(ThreadPoolAsynchronousRunner.java:547)

一月 19, 2021 2:34:52 下午 com.mchange.v2.resourcepool.BasicResourcePool$AcquireTask run
警告: com.mchange.v2.resourcepool.BasicResourcePool$AcquireTask@3793f155 -- Acquisition Attempt Failed!!! Clearing pending acquires. While trying to acquire a needed new resource, we failed to succeed more than the maximum number of allowed acquisition attempts (2). Last acquisition attempt exception: 
java.sql.SQLException: No suitable driver
	at java.sql.DriverManager.getDriver(DriverManager.java:315)
	at com.mchange.v2.c3p0.DriverManagerDataSource.driver(DriverManagerDataSource.java:223)
	at com.mchange.v2.c3p0.DriverManagerDataSource.getConnection(DriverManagerDataSource.java:134)
	at com.mchange.v2.c3p0.WrapperConnectionPoolDataSource.getPooledConnection(WrapperConnectionPoolDataSource.java:182)
	at com.mchange.v2.c3p0.WrapperConnectionPoolDataSource.getPooledConnection(WrapperConnectionPoolDataSource.java:171)
	at com.mchange.v2.c3p0.impl.C3P0PooledConnectionPool$1PooledConnectionResourcePoolManager.acquireResource(C3P0PooledConnectionPool.java:137)
	at com.mchange.v2.resourcepool.BasicResourcePool.doAcquire(BasicResourcePool.java:1014)
	at com.mchange.v2.resourcepool.BasicResourcePool.access$800(BasicResourcePool.java:32)
	at com.mchange.v2.resourcepool.BasicResourcePool$AcquireTask.run(BasicResourcePool.java:1810)
	at com.mchange.v2.async.ThreadPoolAsynchronousRunner$PoolThread.run(ThreadPoolAsynchronousRunner.java:547)

一月 19, 2021 2:34:52 下午 com.mchange.v2.resourcepool.BasicResourcePool$AcquireTask run
警告: com.mchange.v2.resourcepool.BasicResourcePool$AcquireTask@7504e0f0 -- Acquisition Attempt Failed!!! Clearing pending acquires. While trying to acquire a needed new resource, we failed to succeed more than the maximum number of allowed acquisition attempts (2). Last acquisition attempt exception: 
java.sql.SQLException: No suitable driver
	at java.sql.DriverManager.getDriver(DriverManager.java:315)
	at com.mchange.v2.c3p0.DriverManagerDataSource.driver(DriverManagerDataSource.java:223)
	at com.mchange.v2.c3p0.DriverManagerDataSource.getConnection(DriverManagerDataSource.java:134)
	at com.mchange.v2.c3p0.WrapperConnectionPoolDataSource.getPooledConnection(WrapperConnectionPoolDataSource.java:182)
	at com.mchange.v2.c3p0.WrapperConnectionPoolDataSource.getPooledConnection(WrapperConnectionPoolDataSource.java:171)
	at com.mchange.v2.c3p0.impl.C3P0PooledConnectionPool$1PooledConnectionResourcePoolManager.acquireResource(C3P0PooledConnectionPool.java:137)
	at com.mchange.v2.resourcepool.BasicResourcePool.doAcquire(BasicResourcePool.java:1014)
	at com.mchange.v2.resourcepool.BasicResourcePool.access$800(BasicResourcePool.java:32)
	at com.mchange.v2.resourcepool.BasicResourcePool$AcquireTask.run(BasicResourcePool.java:1810)
	at com.mchange.v2.async.ThreadPoolAsynchronousRunner$PoolThread.run(ThreadPoolAsynchronousRunner.java:547)

一月 19, 2021 2:34:52 下午 com.mchange.v2.c3p0.DriverManagerDataSource ensureDriverLoaded
警告: Could not load driverClass ccom.mysql.cj.jdbc.Driver
java.lang.ClassNotFoundException: ccom.mysql.cj.jdbc.Driver
	at java.net.URLClassLoader.findClass(URLClassLoader.java:382)
	at java.lang.ClassLoader.loadClass(ClassLoader.java:418)
	at sun.misc.Launcher$AppClassLoader.loadClass(Launcher.java:355)
	at java.lang.ClassLoader.loadClass(ClassLoader.java:351)
	at java.lang.Class.forName0(Native Method)
	at java.lang.Class.forName(Class.java:264)
	at com.mchange.v2.c3p0.DriverManagerDataSource.ensureDriverLoaded(DriverManagerDataSource.java:100)
	at com.mchange.v2.c3p0.DriverManagerDataSource.getConnection(DriverManagerDataSource.java:132)
	at com.mchange.v2.c3p0.WrapperConnectionPoolDataSource.getPooledConnection(WrapperConnectionPoolDataSource.java:182)
	at com.mchange.v2.c3p0.WrapperConnectionPoolDataSource.getPooledConnection(WrapperConnectionPoolDataSource.java:171)
	at com.mchange.v2.c3p0.impl.C3P0PooledConnectionPool$1PooledConnectionResourcePoolManager.acquireResource(C3P0PooledConnectionPool.java:137)
	at com.mchange.v2.resourcepool.BasicResourcePool.doAcquire(BasicResourcePool.java:1014)
	at com.mchange.v2.resourcepool.BasicResourcePool.access$800(BasicResourcePool.java:32)
	at com.mchange.v2.resourcepool.BasicResourcePool$AcquireTask.run(BasicResourcePool.java:1810)
	at com.mchange.v2.async.ThreadPoolAsynchronousRunner$PoolThread.run(ThreadPoolAsynchronousRunner.java:547)

一月 19, 2021 2:34:52 下午 com.mchange.v2.resourcepool.BasicResourcePool$AcquireTask run
警告: com.mchange.v2.resourcepool.BasicResourcePool$AcquireTask@ca9cc72 -- Acquisition Attempt Failed!!! Clearing pending acquires. While trying to acquire a needed new resource, we failed to succeed more than the maximum number of allowed acquisition attempts (2). Last acquisition attempt exception: 
java.sql.SQLException: No suitable driver
	at java.sql.DriverManager.getDriver(DriverManager.java:315)
	at com.mchange.v2.c3p0.DriverManagerDataSource.driver(DriverManagerDataSource.java:223)
	at com.mchange.v2.c3p0.DriverManagerDataSource.getConnection(DriverManagerDataSource.java:134)
	at com.mchange.v2.c3p0.WrapperConnectionPoolDataSource.getPooledConnection(WrapperConnectionPoolDataSource.java:182)
	at com.mchange.v2.c3p0.WrapperConnectionPoolDataSource.getPooledConnection(WrapperConnectionPoolDataSource.java:171)
	at com.mchange.v2.c3p0.impl.C3P0PooledConnectionPool$1PooledConnectionResourcePoolManager.acquireResource(C3P0PooledConnectionPool.java:137)
	at com.mchange.v2.resourcepool.BasicResourcePool.doAcquire(BasicResourcePool.java:1014)
	at com.mchange.v2.resourcepool.BasicResourcePool.access$800(BasicResourcePool.java:32)
	at com.mchange.v2.resourcepool.BasicResourcePool$AcquireTask.run(BasicResourcePool.java:1810)
	at com.mchange.v2.async.ThreadPoolAsynchronousRunner$PoolThread.run(ThreadPoolAsynchronousRunner.java:547)

一月 19, 2021 2:34:52 下午 com.mchange.v2.c3p0.DriverManagerDataSource ensureDriverLoaded
警告: Could not load driverClass ccom.mysql.cj.jdbc.Driver
java.lang.ClassNotFoundException: ccom.mysql.cj.jdbc.Driver
	at java.net.URLClassLoader.findClass(URLClassLoader.java:382)
	at java.lang.ClassLoader.loadClass(ClassLoader.java:418)
	at sun.misc.Launcher$AppClassLoader.loadClass(Launcher.java:355)
	at java.lang.ClassLoader.loadClass(ClassLoader.java:351)
	at java.lang.Class.forName0(Native Method)
	at java.lang.Class.forName(Class.java:264)
	at com.mchange.v2.c3p0.DriverManagerDataSource.ensureDriverLoaded(DriverManagerDataSource.java:100)
	at com.mchange.v2.c3p0.DriverManagerDataSource.getConnection(DriverManagerDataSource.java:132)
	at com.mchange.v2.c3p0.WrapperConnectionPoolDataSource.getPooledConnection(WrapperConnectionPoolDataSource.java:182)
	at com.mchange.v2.c3p0.WrapperConnectionPoolDataSource.getPooledConnection(WrapperConnectionPoolDataSource.java:171)
	at com.mchange.v2.c3p0.impl.C3P0PooledConnectionPool$1PooledConnectionResourcePoolManager.acquireResource(C3P0PooledConnectionPool.java:137)
	at com.mchange.v2.resourcepool.BasicResourcePool.doAcquire(BasicResourcePool.java:1014)
	at com.mchange.v2.resourcepool.BasicResourcePool.access$800(BasicResourcePool.java:32)
	at com.mchange.v2.resourcepool.BasicResourcePool$AcquireTask.run(BasicResourcePool.java:1810)
	at com.mchange.v2.async.ThreadPoolAsynchronousRunner$PoolThread.run(ThreadPoolAsynchronousRunner.java:547)

一月 19, 2021 2:34:52 下午 com.mchange.v2.c3p0.DriverManagerDataSource ensureDriverLoaded
警告: Could not load driverClass ccom.mysql.cj.jdbc.Driver
java.lang.ClassNotFoundException: ccom.mysql.cj.jdbc.Driver
	at java.net.URLClassLoader.findClass(URLClassLoader.java:382)
	at java.lang.ClassLoader.loadClass(ClassLoader.java:418)
	at sun.misc.Launcher$AppClassLoader.loadClass(Launcher.java:355)
	at java.lang.ClassLoader.loadClass(ClassLoader.java:351)
	at java.lang.Class.forName0(Native Method)
	at java.lang.Class.forName(Class.java:264)
	at com.mchange.v2.c3p0.DriverManagerDataSource.ensureDriverLoaded(DriverManagerDataSource.java:100)
	at com.mchange.v2.c3p0.DriverManagerDataSource.getConnection(DriverManagerDataSource.java:132)
	at com.mchange.v2.c3p0.WrapperConnectionPoolDataSource.getPooledConnection(WrapperConnectionPoolDataSource.java:182)
	at com.mchange.v2.c3p0.WrapperConnectionPoolDataSource.getPooledConnection(WrapperConnectionPoolDataSource.java:171)
	at com.mchange.v2.c3p0.impl.C3P0PooledConnectionPool$1PooledConnectionResourcePoolManager.acquireResource(C3P0PooledConnectionPool.java:137)
	at com.mchange.v2.resourcepool.BasicResourcePool.doAcquire(BasicResourcePool.java:1014)
	at com.mchange.v2.resourcepool.BasicResourcePool.access$800(BasicResourcePool.java:32)
	at com.mchange.v2.resourcepool.BasicResourcePool$AcquireTask.run(BasicResourcePool.java:1810)
	at com.mchange.v2.async.ThreadPoolAsynchronousRunner$PoolThread.run(ThreadPoolAsynchronousRunner.java:547)

]]></system-err>
  </testcase>
  <testcase name="testQueryByKeyWithBook" classname="com.soecode.lyf.dao.AppointmentDaoTest" time="0.976">
    <error message="nested exception is org.apache.ibatis.exceptions.PersistenceException: &#10;### Error querying database.  Cause: org.springframework.jdbc.CannotGetJdbcConnectionException: Could not get JDBC Connection; nested exception is java.sql.SQLException: Connections could not be acquired from the underlying database!&#10;### The error may exist in file [E:\Github Repos\springMVCDemo\target\classes\mapper\AppointmentDao.xml]&#10;### The error may involve com.soecode.lyf.dao.AppointmentDao.queryByKeyWithBook&#10;### The error occurred while executing a query&#10;### Cause: org.springframework.jdbc.CannotGetJdbcConnectionException: Could not get JDBC Connection; nested exception is java.sql.SQLException: Connections could not be acquired from the underlying database!" type="org.mybatis.spring.MyBatisSystemException">org.mybatis.spring.MyBatisSystemException: 
nested exception is org.apache.ibatis.exceptions.PersistenceException: 
### Error querying database.  Cause: org.springframework.jdbc.CannotGetJdbcConnectionException: Could not get JDBC Connection; nested exception is java.sql.SQLException: Connections could not be acquired from the underlying database!
### The error may exist in file [E:\Github Repos\springMVCDemo\target\classes\mapper\AppointmentDao.xml]
### The error may involve com.soecode.lyf.dao.AppointmentDao.queryByKeyWithBook
### The error occurred while executing a query
### Cause: org.springframework.jdbc.CannotGetJdbcConnectionException: Could not get JDBC Connection; nested exception is java.sql.SQLException: Connections could not be acquired from the underlying database!
	at com.soecode.lyf.dao.AppointmentDaoTest.testQueryByKeyWithBook(AppointmentDaoTest.java:24)
Caused by: org.apache.ibatis.exceptions.PersistenceException: 

### Error querying database.  Cause: org.springframework.jdbc.CannotGetJdbcConnectionException: Could not get JDBC Connection; nested exception is java.sql.SQLException: Connections could not be acquired from the underlying database!
### The error may exist in file [E:\Github Repos\springMVCDemo\target\classes\mapper\AppointmentDao.xml]
### The error may involve com.soecode.lyf.dao.AppointmentDao.queryByKeyWithBook
### The error occurred while executing a query
### Cause: org.springframework.jdbc.CannotGetJdbcConnectionException: Could not get JDBC Connection; nested exception is java.sql.SQLException: Connections could not be acquired from the underlying database!
	at com.soecode.lyf.dao.AppointmentDaoTest.testQueryByKeyWithBook(AppointmentDaoTest.java:24)
Caused by: org.springframework.jdbc.CannotGetJdbcConnectionException: Could not get JDBC Connection; nested exception is java.sql.SQLException: Connections could not be acquired from the underlying database!
	at com.soecode.lyf.dao.AppointmentDaoTest.testQueryByKeyWithBook(AppointmentDaoTest.java:24)
Caused by: java.sql.SQLException: Connections could not be acquired from the underlying database!
	at com.soecode.lyf.dao.AppointmentDaoTest.testQueryByKeyWithBook(AppointmentDaoTest.java:24)
Caused by: com.mchange.v2.resourcepool.CannotAcquireResourceException: A ResourcePool could not acquire a resource from its primary factory or source.
	at com.soecode.lyf.dao.AppointmentDaoTest.testQueryByKeyWithBook(AppointmentDaoTest.java:24)
</error>
    <system-out><![CDATA[14:34:52.746 [main] DEBUG org.mybatis.spring.SqlSessionUtils - Creating a new SqlSession
14:34:52.747 [main] DEBUG org.mybatis.spring.SqlSessionUtils - SqlSession [org.apache.ibatis.session.defaults.DefaultSqlSession@7674b62c] was not registered for synchronization because synchronization is not active
14:34:53.742 [main] DEBUG org.mybatis.spring.SqlSessionUtils - Closing non transactional SqlSession [org.apache.ibatis.session.defaults.DefaultSqlSession@7674b62c]
]]></system-out>
    <system-err><![CDATA[一月 19, 2021 2:34:53 下午 com.mchange.v2.c3p0.DriverManagerDataSource ensureDriverLoaded
警告: Could not load driverClass ccom.mysql.cj.jdbc.Driver
java.lang.ClassNotFoundException: ccom.mysql.cj.jdbc.Driver
	at java.net.URLClassLoader.findClass(URLClassLoader.java:382)
	at java.lang.ClassLoader.loadClass(ClassLoader.java:418)
	at sun.misc.Launcher$AppClassLoader.loadClass(Launcher.java:355)
	at java.lang.ClassLoader.loadClass(ClassLoader.java:351)
	at java.lang.Class.forName0(Native Method)
	at java.lang.Class.forName(Class.java:264)
	at com.mchange.v2.c3p0.DriverManagerDataSource.ensureDriverLoaded(DriverManagerDataSource.java:100)
	at com.mchange.v2.c3p0.DriverManagerDataSource.getConnection(DriverManagerDataSource.java:132)
	at com.mchange.v2.c3p0.WrapperConnectionPoolDataSource.getPooledConnection(WrapperConnectionPoolDataSource.java:182)
	at com.mchange.v2.c3p0.WrapperConnectionPoolDataSource.getPooledConnection(WrapperConnectionPoolDataSource.java:171)
	at com.mchange.v2.c3p0.impl.C3P0PooledConnectionPool$1PooledConnectionResourcePoolManager.acquireResource(C3P0PooledConnectionPool.java:137)
	at com.mchange.v2.resourcepool.BasicResourcePool.doAcquire(BasicResourcePool.java:1014)
	at com.mchange.v2.resourcepool.BasicResourcePool.access$800(BasicResourcePool.java:32)
	at com.mchange.v2.resourcepool.BasicResourcePool$AcquireTask.run(BasicResourcePool.java:1810)
	at com.mchange.v2.async.ThreadPoolAsynchronousRunner$PoolThread.run(ThreadPoolAsynchronousRunner.java:547)

一月 19, 2021 2:34:53 下午 com.mchange.v2.resourcepool.BasicResourcePool$AcquireTask run
警告: com.mchange.v2.resourcepool.BasicResourcePool$AcquireTask@6b18355d -- Acquisition Attempt Failed!!! Clearing pending acquires. While trying to acquire a needed new resource, we failed to succeed more than the maximum number of allowed acquisition attempts (2). Last acquisition attempt exception: 
java.sql.SQLException: No suitable driver
	at java.sql.DriverManager.getDriver(DriverManager.java:315)
	at com.mchange.v2.c3p0.DriverManagerDataSource.driver(DriverManagerDataSource.java:223)
	at com.mchange.v2.c3p0.DriverManagerDataSource.getConnection(DriverManagerDataSource.java:134)
	at com.mchange.v2.c3p0.WrapperConnectionPoolDataSource.getPooledConnection(WrapperConnectionPoolDataSource.java:182)
	at com.mchange.v2.c3p0.WrapperConnectionPoolDataSource.getPooledConnection(WrapperConnectionPoolDataSource.java:171)
	at com.mchange.v2.c3p0.impl.C3P0PooledConnectionPool$1PooledConnectionResourcePoolManager.acquireResource(C3P0PooledConnectionPool.java:137)
	at com.mchange.v2.resourcepool.BasicResourcePool.doAcquire(BasicResourcePool.java:1014)
	at com.mchange.v2.resourcepool.BasicResourcePool.access$800(BasicResourcePool.java:32)
	at com.mchange.v2.resourcepool.BasicResourcePool$AcquireTask.run(BasicResourcePool.java:1810)
	at com.mchange.v2.async.ThreadPoolAsynchronousRunner$PoolThread.run(ThreadPoolAsynchronousRunner.java:547)

一月 19, 2021 2:34:53 下午 com.mchange.v2.c3p0.DriverManagerDataSource ensureDriverLoaded
警告: Could not load driverClass ccom.mysql.cj.jdbc.Driver
java.lang.ClassNotFoundException: ccom.mysql.cj.jdbc.Driver
	at java.net.URLClassLoader.findClass(URLClassLoader.java:382)
	at java.lang.ClassLoader.loadClass(ClassLoader.java:418)
	at sun.misc.Launcher$AppClassLoader.loadClass(Launcher.java:355)
	at java.lang.ClassLoader.loadClass(ClassLoader.java:351)
	at java.lang.Class.forName0(Native Method)
	at java.lang.Class.forName(Class.java:264)
	at com.mchange.v2.c3p0.DriverManagerDataSource.ensureDriverLoaded(DriverManagerDataSource.java:100)
	at com.mchange.v2.c3p0.DriverManagerDataSource.getConnection(DriverManagerDataSource.java:132)
	at com.mchange.v2.c3p0.WrapperConnectionPoolDataSource.getPooledConnection(WrapperConnectionPoolDataSource.java:182)
	at com.mchange.v2.c3p0.WrapperConnectionPoolDataSource.getPooledConnection(WrapperConnectionPoolDataSource.java:171)
	at com.mchange.v2.c3p0.impl.C3P0PooledConnectionPool$1PooledConnectionResourcePoolManager.acquireResource(C3P0PooledConnectionPool.java:137)
	at com.mchange.v2.resourcepool.BasicResourcePool.doAcquire(BasicResourcePool.java:1014)
	at com.mchange.v2.resourcepool.BasicResourcePool.access$800(BasicResourcePool.java:32)
	at com.mchange.v2.resourcepool.BasicResourcePool$AcquireTask.run(BasicResourcePool.java:1810)
	at com.mchange.v2.async.ThreadPoolAsynchronousRunner$PoolThread.run(ThreadPoolAsynchronousRunner.java:547)

]]></system-err>
  </testcase>
</testsuite>